INFO    : Building target print
INFO    : XSL conversion of /home/dthuecks2/new-pretext-project/source/main.ptx by /home/dthuecks2/.ptx/2.19.2/core/xsl/utilities/pretext-enhanced-source.xsl
INFO    : successful application of /home/dthuecks2/.ptx/2.19.2/core/xsl/utilities/pretext-enhanced-source.xsl
INFO    : Generating any needed assets.
INFO    : XSL conversion of /home/dthuecks2/new-pretext-project/source/main.ptx by /home/dthuecks2/.ptx/2.19.2/core/xsl/utilities/pretext-enhanced-source.xsl
INFO    : successful application of /home/dthuecks2/.ptx/2.19.2/core/xsl/utilities/pretext-enhanced-source.xsl
INFO    : XSL conversion of /home/dthuecks2/new-pretext-project/source/main.ptx by /home/dthuecks2/.ptx/2.19.2/core/xsl/utilities/pretext-enhanced-source.xsl
INFO    : successful application of /home/dthuecks2/.ptx/2.19.2/core/xsl/utilities/pretext-enhanced-source.xsl
INFO    : XSL conversion of /home/dthuecks2/new-pretext-project/source/main.ptx by /home/dthuecks2/.ptx/2.19.2/core/xsl/utilities/pretext-enhanced-source.xsl
INFO    : successful application of /home/dthuecks2/.ptx/2.19.2/core/xsl/utilities/pretext-enhanced-source.xsl
INFO    : Generating any needed assets.
INFO    : XSL conversion of /home/dthuecks2/new-pretext-project/source/main.ptx by /home/dthuecks2/.ptx/2.19.2/core/xsl/utilities/pretext-enhanced-source.xsl
INFO    : successful application of /home/dthuecks2/.ptx/2.19.2/core/xsl/utilities/pretext-enhanced-source.xsl
INFO    : XSL conversion of /home/dthuecks2/new-pretext-project/source/main.ptx by /home/dthuecks2/.ptx/2.19.2/core/xsl/utilities/pretext-enhanced-source.xsl
INFO    : successful application of /home/dthuecks2/.ptx/2.19.2/core/xsl/utilities/pretext-enhanced-source.xsl
INFO    : XSL conversion of /home/dthuecks2/new-pretext-project/source/main.ptx by /home/dthuecks2/.ptx/2.19.2/core/xsl/utilities/pretext-enhanced-source.xsl
INFO    : successful application of /home/dthuecks2/.ptx/2.19.2/core/xsl/utilities/pretext-enhanced-source.xsl
INFO    : XSL conversion of /home/dthuecks2/new-pretext-project/source/main.ptx by /home/dthuecks2/.ptx/2.19.2/core/xsl/utilities/pretext-enhanced-source.xsl
INFO    : successful application of /home/dthuecks2/.ptx/2.19.2/core/xsl/utilities/pretext-enhanced-source.xsl
INFO    : XSL conversion of /home/dthuecks2/new-pretext-project/source/main.ptx by /home/dthuecks2/.ptx/2.19.2/core/xsl/utilities/pretext-enhanced-source.xsl
INFO    : successful application of /home/dthuecks2/.ptx/2.19.2/core/xsl/utilities/pretext-enhanced-source.xsl
INFO    : XSL conversion of /home/dthuecks2/new-pretext-project/source/main.ptx by /home/dthuecks2/.ptx/2.19.2/core/xsl/utilities/pretext-enhanced-source.xsl
INFO    : successful application of /home/dthuecks2/.ptx/2.19.2/core/xsl/utilities/pretext-enhanced-source.xsl
INFO    : XSL conversion of /home/dthuecks2/new-pretext-project/source/main.ptx by /home/dthuecks2/.ptx/2.19.2/core/xsl/utilities/pretext-enhanced-source.xsl
INFO    : successful application of /home/dthuecks2/.ptx/2.19.2/core/xsl/utilities/pretext-enhanced-source.xsl
INFO    : XSL conversion of /home/dthuecks2/new-pretext-project/source/main.ptx by /home/dthuecks2/.ptx/2.19.2/core/xsl/utilities/pretext-enhanced-source.xsl
INFO    : successful application of /home/dthuecks2/.ptx/2.19.2/core/xsl/utilities/pretext-enhanced-source.xsl
INFO    : XSL conversion of /home/dthuecks2/new-pretext-project/source/main.ptx by /home/dthuecks2/.ptx/2.19.2/core/xsl/utilities/pretext-enhanced-source.xsl
INFO    : successful application of /home/dthuecks2/.ptx/2.19.2/core/xsl/utilities/pretext-enhanced-source.xsl
INFO    : XSL conversion of /home/dthuecks2/new-pretext-project/source/main.ptx by /home/dthuecks2/.ptx/2.19.2/core/xsl/utilities/pretext-enhanced-source.xsl
INFO    : successful application of /home/dthuecks2/.ptx/2.19.2/core/xsl/utilities/pretext-enhanced-source.xsl
INFO    : XSL conversion of /home/dthuecks2/new-pretext-project/source/main.ptx by /home/dthuecks2/.ptx/2.19.2/core/xsl/utilities/pretext-enhanced-source.xsl
INFO    : successful application of /home/dthuecks2/.ptx/2.19.2/core/xsl/utilities/pretext-enhanced-source.xsl
INFO    : XSL conversion of /home/dthuecks2/new-pretext-project/source/main.ptx by /home/dthuecks2/.ptx/2.19.2/core/xsl/utilities/pretext-enhanced-source.xsl
INFO    : successful application of /home/dthuecks2/.ptx/2.19.2/core/xsl/utilities/pretext-enhanced-source.xsl
INFO    : XSL conversion of /home/dthuecks2/new-pretext-project/source/main.ptx by /home/dthuecks2/.ptx/2.19.2/core/xsl/utilities/pretext-enhanced-source.xsl
INFO    : successful application of /home/dthuecks2/.ptx/2.19.2/core/xsl/utilities/pretext-enhanced-source.xsl
INFO    : downloading MyOpenMath static problems from /home/dthuecks2/new-pretext-project/source/main.ptx for placement in /home/dthuecks2/new-pretext-project/generated-assets/problems
INFO    : XSL conversion of /home/dthuecks2/new-pretext-project/source/main.ptx by /home/dthuecks2/.ptx/2.19.2/core/xsl/extract-mom.xsl
INFO    : messages from the log for XSL processing:
INFO    : * PTX:INFO:   checking ONLY the last TWO YEARS of element deprecations.
Rerun with the string parameter "author.deprecations.all" set to "yes" to check your source against all deprecations.
INFO    : successful application of /home/dthuecks2/.ptx/2.19.2/core/xsl/extract-mom.xsl
INFO    : downloading MOM #2572 to /home/dthuecks2/new-pretext-project/generated-assets/problems/mom-2572.xml...
INFO    : MyOpenMath static problem download complete
INFO    : Removing temporary directory /tmp/ptx-ntwzrb6a
INFO    : Finished generating assets.

INFO    : XSL conversion of /home/dthuecks2/new-pretext-project/source/main.ptx by /home/dthuecks2/.ptx/2.19.2/core/xsl/utilities/pretext-enhanced-source.xsl
INFO    : successful application of /home/dthuecks2/.ptx/2.19.2/core/xsl/utilities/pretext-enhanced-source.xsl
INFO    : XSL conversion of /home/dthuecks2/new-pretext-project/source/main.ptx by /home/dthuecks2/.ptx/2.19.2/core/xsl/utilities/pretext-enhanced-source.xsl
INFO    : successful application of /home/dthuecks2/.ptx/2.19.2/core/xsl/utilities/pretext-enhanced-source.xsl
INFO    : XSL conversion of /home/dthuecks2/new-pretext-project/source/main.ptx by /home/dthuecks2/.ptx/2.19.2/core/xsl/utilities/pretext-enhanced-source.xsl
INFO    : successful application of /home/dthuecks2/.ptx/2.19.2/core/xsl/utilities/pretext-enhanced-source.xsl
INFO    : XSL conversion of /home/dthuecks2/new-pretext-project/source/main.ptx by /home/dthuecks2/.ptx/2.19.2/core/xsl/utilities/pretext-enhanced-source.xsl
INFO    : successful application of /home/dthuecks2/.ptx/2.19.2/core/xsl/utilities/pretext-enhanced-source.xsl
INFO    : XSL conversion of /home/dthuecks2/new-pretext-project/source/main.ptx by /home/dthuecks2/.ptx/2.19.2/core/xsl/utilities/pretext-enhanced-source.xsl
INFO    : successful application of /home/dthuecks2/.ptx/2.19.2/core/xsl/utilities/pretext-enhanced-source.xsl
INFO    : XSL conversion of /home/dthuecks2/new-pretext-project/source/main.ptx by /home/dthuecks2/.ptx/2.19.2/core/xsl/utilities/pretext-enhanced-source.xsl
INFO    : successful application of /home/dthuecks2/.ptx/2.19.2/core/xsl/utilities/pretext-enhanced-source.xsl
INFO    : XSL conversion of /home/dthuecks2/new-pretext-project/source/main.ptx by /home/dthuecks2/.ptx/2.19.2/core/xsl/utilities/pretext-enhanced-source.xsl
INFO    : successful application of /home/dthuecks2/.ptx/2.19.2/core/xsl/utilities/pretext-enhanced-source.xsl
INFO    : XSL conversion of /home/dthuecks2/new-pretext-project/source/main.ptx by /home/dthuecks2/.ptx/2.19.2/core/xsl/utilities/pretext-enhanced-source.xsl
INFO    : successful application of /home/dthuecks2/.ptx/2.19.2/core/xsl/utilities/pretext-enhanced-source.xsl
INFO    : XSL conversion of /home/dthuecks2/new-pretext-project/source/main.ptx by /home/dthuecks2/.ptx/2.19.2/core/xsl/utilities/pretext-enhanced-source.xsl
INFO    : successful application of /home/dthuecks2/.ptx/2.19.2/core/xsl/utilities/pretext-enhanced-source.xsl
INFO    : XSL conversion of /home/dthuecks2/new-pretext-project/source/main.ptx by /home/dthuecks2/.ptx/2.19.2/core/xsl/utilities/pretext-enhanced-source.xsl
INFO    : successful application of /home/dthuecks2/.ptx/2.19.2/core/xsl/utilities/pretext-enhanced-source.xsl
INFO    : XSL conversion of /home/dthuecks2/new-pretext-project/source/main.ptx by /home/dthuecks2/.ptx/2.19.2/core/xsl/utilities/pretext-enhanced-source.xsl
INFO    : successful application of /home/dthuecks2/.ptx/2.19.2/core/xsl/utilities/pretext-enhanced-source.xsl
INFO    : XSL conversion of /home/dthuecks2/new-pretext-project/source/main.ptx by /home/dthuecks2/.ptx/2.19.2/core/xsl/utilities/pretext-enhanced-source.xsl
INFO    : successful application of /home/dthuecks2/.ptx/2.19.2/core/xsl/utilities/pretext-enhanced-source.xsl
INFO    : Checking for update for required playwright chromium browser.
INFO    : using playwright package to create previews for interactives from /home/dthuecks2/new-pretext-project/source/main.ptx for placement in /home/dthuecks2/new-pretext-project/generated-assets/preview
INFO    : XSL conversion of /home/dthuecks2/new-pretext-project/source/main.ptx by /home/dthuecks2/.ptx/2.19.2/core/xsl/extract-interactive.xsl
INFO    : messages from the log for XSL processing:
INFO    : * PTX:INFO:   checking ONLY the last TWO YEARS of element deprecations.
Rerun with the string parameter "author.deprecations.all" set to "yes" to check your source against all deprecations.
INFO    : successful application of /home/dthuecks2/.ptx/2.19.2/core/xsl/extract-interactive.xsl
INFO    : discovering source file's directory name: /home/dthuecks2/new-pretext-project/source
INFO    : verifying and expanding input directory: /home/dthuecks2/new-pretext-project/source/../generated-assets
INFO    : input directory expanded to absolute path: /home/dthuecks2/new-pretext-project/generated-assets
INFO    : verifying and expanding input directory: /home/dthuecks2/new-pretext-project/source/../assets
INFO    : input directory expanded to absolute path: /home/dthuecks2/new-pretext-project/assets
INFO    : Closing http.server thread
ERROR   : Unable to generate some interactive previews: 
BrowserType.launch: Executable doesn't exist at /home/dthuecks2/.cache/ms-playwright/chromium_headless_shell-1169/chrome-linux/headless_shell
╔════════════════════════════════════════════════════════════╗
║ Looks like Playwright was just installed or updated.       ║
║ Please run the following command to download new browsers: ║
║                                                            ║
║     playwright install                                     ║
║                                                            ║
║ <3 Playwright Team                                         ║
╚════════════════════════════════════════════════════════════╝
INFO    : XSL conversion of /home/dthuecks2/new-pretext-project/source/main.ptx by /home/dthuecks2/.ptx/2.19.2/core/xsl/utilities/report-publisher-variables.xsl
INFO    : successful application of /home/dthuecks2/.ptx/2.19.2/core/xsl/utilities/report-publisher-variables.xsl
INFO    : discovering source file's directory name: /home/dthuecks2/new-pretext-project/source
INFO    : verifying and expanding input directory: /home/dthuecks2/new-pretext-project/source/../generated-assets
INFO    : input directory expanded to absolute path: /home/dthuecks2/new-pretext-project/generated-assets
INFO    : verifying and expanding input directory: /home/dthuecks2/new-pretext-project/source/../assets
INFO    : input directory expanded to absolute path: /home/dthuecks2/new-pretext-project/assets
INFO    : manufacturing QR codes from /home/dthuecks2/new-pretext-project/source/main.ptx for placement in /home/dthuecks2/new-pretext-project/generated-assets/qrcode
INFO    : XSL conversion of /home/dthuecks2/new-pretext-project/source/main.ptx by /home/dthuecks2/.ptx/2.19.2/core/xsl/extract-qrcode.xsl
INFO    : messages from the log for XSL processing:
INFO    : * PTX:INFO:   checking ONLY the last TWO YEARS of element deprecations.
Rerun with the string parameter "author.deprecations.all" set to "yes" to check your source against all deprecations.
INFO    : successful application of /home/dthuecks2/.ptx/2.19.2/core/xsl/extract-qrcode.xsl
INFO    : creating URL with content "https://www.youtube.com/watch?v=dQw4w9WgXcQ" as /home/dthuecks2/new-pretext-project/generated-assets/qrcode/sec-youtube-2.png...
INFO    : creating URL with content "interactive-infinity.html" as /home/dthuecks2/new-pretext-project/generated-assets/qrcode/interactive-infinity.png...
INFO    : QR code creation complete
INFO    : Removing temporary directory /tmp/ptx-j_zer9wn
INFO    : Removing temporary directory /tmp/ptx-gbj4qqek
INFO    : Removing temporary directory /tmp/ptx-_b2l6yzm
INFO    : Finished generating assets.

INFO    : Preparing to build into /home/dthuecks2/new-pretext-project/output/print.
INFO    : discovering source file's directory name: /home/dthuecks2/new-pretext-project/source
INFO    : verifying and expanding input directory: /home/dthuecks2/new-pretext-project/source/../generated-assets
INFO    : input directory expanded to absolute path: /home/dthuecks2/new-pretext-project/generated-assets
INFO    : verifying and expanding input directory: /home/dthuecks2/new-pretext-project/source/../assets
INFO    : input directory expanded to absolute path: /home/dthuecks2/new-pretext-project/assets
INFO    : XSL conversion of /home/dthuecks2/new-pretext-project/source/main.ptx by /home/dthuecks2/.ptx/2.19.2/core/xsl/utilities/report-publisher-variables.xsl
INFO    : successful application of /home/dthuecks2/.ptx/2.19.2/core/xsl/utilities/report-publisher-variables.xsl
INFO    : converting /home/dthuecks2/new-pretext-project/source/main.ptx to LaTeX as /tmp/ptx-cdvklgx1/main.tex
INFO    : XSL conversion of /home/dthuecks2/new-pretext-project/source/main.ptx by /home/dthuecks2/.ptx/2.19.2/core/xsl/pretext-latex.xsl
INFO    : messages from the log for XSL processing:
INFO    : * PTX:INFO:   checking ONLY the last TWO YEARS of element deprecations.
Rerun with the string parameter "author.deprecations.all" set to "yes" to check your source against all deprecations.
WARNING : * PTX:DEPRECATE: (2024-10-08) elements previously included in a "titlepage" element inside the "frontmatter" (author, editor, credit, date, and event) should now be placed in "frontmatter/bibinfo".  To ensure a title page is created, put only the empty element "titlepage-items" inside "titlepage".  Until you move these elements, we will try to honor your intent. (1 time)
INFO    : *              located within: "frontmatter" (xml:id)
INFO    : * --------------
WARNING : * PTX:DEPRECATE: (2024-10-08) elements previously included in a "colophon" element inside the "frontmatter" (credit, copyright, edition, and website) should now be placed in "frontmatter/bibinfo". To produce a "colophon", include only the empty element "colophon-items" inside "colophon" Until you move these elements, we will try to honor your intent. (1 time)
INFO    : *              located within: "frontmatter" (xml:id)
INFO    : * --------------
WARNING : * PTX:DEPRECATE: (2024-11-19) program/input now should be program/code. An automatic correction will be attempted. (1 time)
INFO    : *              located within: "sieve-codelens-python" (xml:id)
INFO    : * --------------
INFO    : successful application of /home/dthuecks2/.ptx/2.19.2/core/xsl/pretext-latex.xsl
INFO    : XSL conversion of /home/dthuecks2/new-pretext-project/source/main.ptx by /home/dthuecks2/.ptx/2.19.2/core/xsl/utilities/report-publisher-variables.xsl
INFO    : successful application of /home/dthuecks2/.ptx/2.19.2/core/xsl/utilities/report-publisher-variables.xsl
CRITICAL: [Errno 2] No such file or directory: 'main.pdf'
INFO    : ------------------------
CRITICAL: Failed to build.  Exiting...
INFO    : 
----------------------------------------------------
INFO    : While running pretext, the following errors occurred:

INFO    : (see log messages above or in the 'logs' folder for more information)
INFO    : ----------------------------------------------------
