INFO    : Building target print
INFO    : XSL conversion of /home/dthuecks2/new-pretext-project/source/main.ptx by /home/dthuecks2/.ptx/2.19.2/core/xsl/utilities/pretext-enhanced-source.xsl
INFO    : successful application of /home/dthuecks2/.ptx/2.19.2/core/xsl/utilities/pretext-enhanced-source.xsl
INFO    : Generating any needed assets.
INFO    : XSL conversion of /home/dthuecks2/new-pretext-project/source/main.ptx by /home/dthuecks2/.ptx/2.19.2/core/xsl/utilities/pretext-enhanced-source.xsl
INFO    : successful application of /home/dthuecks2/.ptx/2.19.2/core/xsl/utilities/pretext-enhanced-source.xsl
INFO    : XSL conversion of /home/dthuecks2/new-pretext-project/source/main.ptx by /home/dthuecks2/.ptx/2.19.2/core/xsl/utilities/pretext-enhanced-source.xsl
INFO    : successful application of /home/dthuecks2/.ptx/2.19.2/core/xsl/utilities/pretext-enhanced-source.xsl
INFO    : XSL conversion of /home/dthuecks2/new-pretext-project/source/main.ptx by /home/dthuecks2/.ptx/2.19.2/core/xsl/utilities/pretext-enhanced-source.xsl
INFO    : successful application of /home/dthuecks2/.ptx/2.19.2/core/xsl/utilities/pretext-enhanced-source.xsl
INFO    : Generating any needed assets.
INFO    : XSL conversion of /home/dthuecks2/new-pretext-project/source/main.ptx by /home/dthuecks2/.ptx/2.19.2/core/xsl/utilities/pretext-enhanced-source.xsl
INFO    : successful application of /home/dthuecks2/.ptx/2.19.2/core/xsl/utilities/pretext-enhanced-source.xsl
INFO    : XSL conversion of /home/dthuecks2/new-pretext-project/source/main.ptx by /home/dthuecks2/.ptx/2.19.2/core/xsl/utilities/pretext-enhanced-source.xsl
INFO    : successful application of /home/dthuecks2/.ptx/2.19.2/core/xsl/utilities/pretext-enhanced-source.xsl
INFO    : XSL conversion of /home/dthuecks2/new-pretext-project/source/main.ptx by /home/dthuecks2/.ptx/2.19.2/core/xsl/utilities/pretext-enhanced-source.xsl
INFO    : successful application of /home/dthuecks2/.ptx/2.19.2/core/xsl/utilities/pretext-enhanced-source.xsl
INFO    : XSL conversion of /home/dthuecks2/new-pretext-project/source/main.ptx by /home/dthuecks2/.ptx/2.19.2/core/xsl/utilities/pretext-enhanced-source.xsl
INFO    : successful application of /home/dthuecks2/.ptx/2.19.2/core/xsl/utilities/pretext-enhanced-source.xsl
INFO    : XSL conversion of /home/dthuecks2/new-pretext-project/source/main.ptx by /home/dthuecks2/.ptx/2.19.2/core/xsl/utilities/pretext-enhanced-source.xsl
INFO    : successful application of /home/dthuecks2/.ptx/2.19.2/core/xsl/utilities/pretext-enhanced-source.xsl
INFO    : XSL conversion of /home/dthuecks2/new-pretext-project/source/main.ptx by /home/dthuecks2/.ptx/2.19.2/core/xsl/utilities/pretext-enhanced-source.xsl
INFO    : successful application of /home/dthuecks2/.ptx/2.19.2/core/xsl/utilities/pretext-enhanced-source.xsl
INFO    : XSL conversion of /home/dthuecks2/new-pretext-project/source/main.ptx by /home/dthuecks2/.ptx/2.19.2/core/xsl/utilities/pretext-enhanced-source.xsl
INFO    : successful application of /home/dthuecks2/.ptx/2.19.2/core/xsl/utilities/pretext-enhanced-source.xsl
INFO    : XSL conversion of /home/dthuecks2/new-pretext-project/source/main.ptx by /home/dthuecks2/.ptx/2.19.2/core/xsl/utilities/pretext-enhanced-source.xsl
INFO    : successful application of /home/dthuecks2/.ptx/2.19.2/core/xsl/utilities/pretext-enhanced-source.xsl
INFO    : XSL conversion of /home/dthuecks2/new-pretext-project/source/main.ptx by /home/dthuecks2/.ptx/2.19.2/core/xsl/utilities/pretext-enhanced-source.xsl
INFO    : successful application of /home/dthuecks2/.ptx/2.19.2/core/xsl/utilities/pretext-enhanced-source.xsl
INFO    : XSL conversion of /home/dthuecks2/new-pretext-project/source/main.ptx by /home/dthuecks2/.ptx/2.19.2/core/xsl/utilities/pretext-enhanced-source.xsl
INFO    : successful application of /home/dthuecks2/.ptx/2.19.2/core/xsl/utilities/pretext-enhanced-source.xsl
INFO    : XSL conversion of /home/dthuecks2/new-pretext-project/source/main.ptx by /home/dthuecks2/.ptx/2.19.2/core/xsl/utilities/pretext-enhanced-source.xsl
INFO    : successful application of /home/dthuecks2/.ptx/2.19.2/core/xsl/utilities/pretext-enhanced-source.xsl
INFO    : XSL conversion of /home/dthuecks2/new-pretext-project/source/main.ptx by /home/dthuecks2/.ptx/2.19.2/core/xsl/utilities/pretext-enhanced-source.xsl
INFO    : successful application of /home/dthuecks2/.ptx/2.19.2/core/xsl/utilities/pretext-enhanced-source.xsl
INFO    : XSL conversion of /home/dthuecks2/new-pretext-project/source/main.ptx by /home/dthuecks2/.ptx/2.19.2/core/xsl/utilities/pretext-enhanced-source.xsl
INFO    : successful application of /home/dthuecks2/.ptx/2.19.2/core/xsl/utilities/pretext-enhanced-source.xsl
INFO    : downloading MyOpenMath static problems from /home/dthuecks2/new-pretext-project/source/main.ptx for placement in /home/dthuecks2/new-pretext-project/generated-assets/problems
INFO    : XSL conversion of /home/dthuecks2/new-pretext-project/source/main.ptx by /home/dthuecks2/.ptx/2.19.2/core/xsl/extract-mom.xsl
INFO    : messages from the log for XSL processing:
INFO    : * PTX:INFO:   checking ONLY the last TWO YEARS of element deprecations.
Rerun with the string parameter "author.deprecations.all" set to "yes" to check your source against all deprecations.
INFO    : successful application of /home/dthuecks2/.ptx/2.19.2/core/xsl/extract-mom.xsl
INFO    : downloading MOM #2572 to /home/dthuecks2/new-pretext-project/generated-assets/problems/mom-2572.xml...
INFO    : MyOpenMath static problem download complete
INFO    : Removing temporary directory /tmp/ptx-994hpn8z
INFO    : Finished generating assets.

INFO    : XSL conversion of /home/dthuecks2/new-pretext-project/source/main.ptx by /home/dthuecks2/.ptx/2.19.2/core/xsl/utilities/pretext-enhanced-source.xsl
INFO    : successful application of /home/dthuecks2/.ptx/2.19.2/core/xsl/utilities/pretext-enhanced-source.xsl
INFO    : XSL conversion of /home/dthuecks2/new-pretext-project/source/main.ptx by /home/dthuecks2/.ptx/2.19.2/core/xsl/utilities/pretext-enhanced-source.xsl
INFO    : successful application of /home/dthuecks2/.ptx/2.19.2/core/xsl/utilities/pretext-enhanced-source.xsl
INFO    : XSL conversion of /home/dthuecks2/new-pretext-project/source/main.ptx by /home/dthuecks2/.ptx/2.19.2/core/xsl/utilities/pretext-enhanced-source.xsl
INFO    : successful application of /home/dthuecks2/.ptx/2.19.2/core/xsl/utilities/pretext-enhanced-source.xsl
INFO    : XSL conversion of /home/dthuecks2/new-pretext-project/source/main.ptx by /home/dthuecks2/.ptx/2.19.2/core/xsl/utilities/pretext-enhanced-source.xsl
INFO    : successful application of /home/dthuecks2/.ptx/2.19.2/core/xsl/utilities/pretext-enhanced-source.xsl
INFO    : XSL conversion of /home/dthuecks2/new-pretext-project/source/main.ptx by /home/dthuecks2/.ptx/2.19.2/core/xsl/utilities/pretext-enhanced-source.xsl
INFO    : successful application of /home/dthuecks2/.ptx/2.19.2/core/xsl/utilities/pretext-enhanced-source.xsl
INFO    : XSL conversion of /home/dthuecks2/new-pretext-project/source/main.ptx by /home/dthuecks2/.ptx/2.19.2/core/xsl/utilities/pretext-enhanced-source.xsl
INFO    : successful application of /home/dthuecks2/.ptx/2.19.2/core/xsl/utilities/pretext-enhanced-source.xsl
INFO    : XSL conversion of /home/dthuecks2/new-pretext-project/source/main.ptx by /home/dthuecks2/.ptx/2.19.2/core/xsl/utilities/pretext-enhanced-source.xsl
INFO    : successful application of /home/dthuecks2/.ptx/2.19.2/core/xsl/utilities/pretext-enhanced-source.xsl
INFO    : XSL conversion of /home/dthuecks2/new-pretext-project/source/main.ptx by /home/dthuecks2/.ptx/2.19.2/core/xsl/utilities/pretext-enhanced-source.xsl
INFO    : successful application of /home/dthuecks2/.ptx/2.19.2/core/xsl/utilities/pretext-enhanced-source.xsl
INFO    : XSL conversion of /home/dthuecks2/new-pretext-project/source/main.ptx by /home/dthuecks2/.ptx/2.19.2/core/xsl/utilities/pretext-enhanced-source.xsl
INFO    : successful application of /home/dthuecks2/.ptx/2.19.2/core/xsl/utilities/pretext-enhanced-source.xsl
INFO    : XSL conversion of /home/dthuecks2/new-pretext-project/source/main.ptx by /home/dthuecks2/.ptx/2.19.2/core/xsl/utilities/pretext-enhanced-source.xsl
INFO    : successful application of /home/dthuecks2/.ptx/2.19.2/core/xsl/utilities/pretext-enhanced-source.xsl
INFO    : XSL conversion of /home/dthuecks2/new-pretext-project/source/main.ptx by /home/dthuecks2/.ptx/2.19.2/core/xsl/utilities/pretext-enhanced-source.xsl
INFO    : successful application of /home/dthuecks2/.ptx/2.19.2/core/xsl/utilities/pretext-enhanced-source.xsl
INFO    : XSL conversion of /home/dthuecks2/new-pretext-project/source/main.ptx by /home/dthuecks2/.ptx/2.19.2/core/xsl/utilities/pretext-enhanced-source.xsl
INFO    : successful application of /home/dthuecks2/.ptx/2.19.2/core/xsl/utilities/pretext-enhanced-source.xsl
INFO    : string parameters passed to extraction stylesheet: {'cli.version': '2.19', 'publisher': '/home/dthuecks2/new-pretext-project/publication/publication.ptx'}
INFO    : discovering source file's directory name: /home/dthuecks2/new-pretext-project/source
INFO    : verifying and expanding input directory: /home/dthuecks2/new-pretext-project/source/../generated-assets
INFO    : input directory expanded to absolute path: /home/dthuecks2/new-pretext-project/generated-assets
INFO    : verifying and expanding input directory: /home/dthuecks2/new-pretext-project/source/../assets
INFO    : input directory expanded to absolute path: /home/dthuecks2/new-pretext-project/assets
INFO    : XSL conversion of /home/dthuecks2/new-pretext-project/source/main.ptx by /home/dthuecks2/.ptx/2.19.2/core/xsl/extract-pg.xsl
INFO    : messages from the log for XSL processing:
INFO    : * PTX:INFO:   checking ONLY the last TWO YEARS of element deprecations.
Rerun with the string parameter "author.deprecations.all" set to "yes" to check your source against all deprecations.
INFO    : successful application of /home/dthuecks2/.ptx/2.19.2/core/xsl/extract-pg.xsl
INFO    : validating, cleaning server URL: https://webwork-ptx.aimath.org
INFO    : building representations of PTX-authored WeBWorK problem
INFO    : sending webwork-2 to server to save in /home/dthuecks2/new-pretext-project/generated-assets/webwork/webwork-representations.xml: origin is 'ptx'
INFO    : converting Asymptote diagrams from /home/dthuecks2/new-pretext-project/source/main.ptx to PDF graphics for placement in /home/dthuecks2/new-pretext-project/generated-assets/asymptote with method "AsyMethod.SERVER"
INFO    : extracting Asymptote diagrams from /home/dthuecks2/new-pretext-project/source/main.ptx
INFO    : string parameters passed to extraction stylesheet: {'cli.version': '2.19', 'publisher': '/home/dthuecks2/new-pretext-project/publication/publication.ptx'}
INFO    : XSL conversion of /home/dthuecks2/new-pretext-project/source/main.ptx by /home/dthuecks2/.ptx/2.19.2/core/xsl/extract-asymptote.xsl
INFO    : messages from the log for XSL processing:
INFO    : * PTX:INFO:   checking ONLY the last TWO YEARS of element deprecations.
Rerun with the string parameter "author.deprecations.all" set to "yes" to check your source against all deprecations.
INFO    : successful application of /home/dthuecks2/.ptx/2.19.2/core/xsl/extract-asymptote.xsl
INFO    : converting /tmp/ptx-6t9w8a9e/cflag.asy to /tmp/ptx-6t9w8a9e/cflag.pdf
INFO    : converting Sage diagrams from /home/dthuecks2/new-pretext-project/source/main.ptx to PDF graphics for placement in /home/dthuecks2/new-pretext-project/generated-assets/sageplot
INFO    : extracting Sage diagrams from /home/dthuecks2/new-pretext-project/source/main.ptx
INFO    : XSL conversion of /home/dthuecks2/new-pretext-project/source/main.ptx by /home/dthuecks2/.ptx/2.19.2/core/xsl/extract-sageplot.xsl
INFO    : messages from the log for XSL processing:
INFO    : * PTX:INFO:   checking ONLY the last TWO YEARS of element deprecations.
Rerun with the string parameter "author.deprecations.all" set to "yes" to check your source against all deprecations.
INFO    : successful application of /home/dthuecks2/.ptx/2.19.2/core/xsl/extract-sageplot.xsl
INFO    : converting sageplot-example-diagram.sage to sageplot-example-diagram.pdf
INFO    : converting Sage diagrams from /home/dthuecks2/new-pretext-project/source/main.ptx to PNG graphics for placement in /home/dthuecks2/new-pretext-project/generated-assets/sageplot
INFO    : extracting Sage diagrams from /home/dthuecks2/new-pretext-project/source/main.ptx
INFO    : XSL conversion of /home/dthuecks2/new-pretext-project/source/main.ptx by /home/dthuecks2/.ptx/2.19.2/core/xsl/extract-sageplot.xsl
INFO    : messages from the log for XSL processing:
INFO    : * PTX:INFO:   checking ONLY the last TWO YEARS of element deprecations.
Rerun with the string parameter "author.deprecations.all" set to "yes" to check your source against all deprecations.
INFO    : successful application of /home/dthuecks2/.ptx/2.19.2/core/xsl/extract-sageplot.xsl
INFO    : converting sageplot3d-example-diagram.sage to sageplot3d-example-diagram.png
INFO    : Checking for update for required playwright chromium browser.
INFO    : using playwright package to create previews for interactives from /home/dthuecks2/new-pretext-project/source/main.ptx for placement in /home/dthuecks2/new-pretext-project/generated-assets/preview
INFO    : XSL conversion of /home/dthuecks2/new-pretext-project/source/main.ptx by /home/dthuecks2/.ptx/2.19.2/core/xsl/extract-interactive.xsl
INFO    : messages from the log for XSL processing:
INFO    : * PTX:INFO:   checking ONLY the last TWO YEARS of element deprecations.
Rerun with the string parameter "author.deprecations.all" set to "yes" to check your source against all deprecations.
INFO    : successful application of /home/dthuecks2/.ptx/2.19.2/core/xsl/extract-interactive.xsl
INFO    : discovering source file's directory name: /home/dthuecks2/new-pretext-project/source
INFO    : verifying and expanding input directory: /home/dthuecks2/new-pretext-project/source/../generated-assets
INFO    : input directory expanded to absolute path: /home/dthuecks2/new-pretext-project/generated-assets
INFO    : verifying and expanding input directory: /home/dthuecks2/new-pretext-project/source/../assets
INFO    : input directory expanded to absolute path: /home/dthuecks2/new-pretext-project/assets
INFO    : Closing http.server thread
ERROR   : Unable to generate some interactive previews: 
BrowserType.launch: Executable doesn't exist at /home/dthuecks2/.cache/ms-playwright/chromium_headless_shell-1169/chrome-linux/headless_shell
╔════════════════════════════════════════════════════════════╗
║ Looks like Playwright was just installed or updated.       ║
║ Please run the following command to download new browsers: ║
║                                                            ║
║     playwright install                                     ║
║                                                            ║
║ <3 Playwright Team                                         ║
╚════════════════════════════════════════════════════════════╝
INFO    : downloading YouTube thumbnails from /home/dthuecks2/new-pretext-project/source/main.ptx for placement in /home/dthuecks2/new-pretext-project/generated-assets/youtube
INFO    : XSL conversion of /home/dthuecks2/new-pretext-project/source/main.ptx by /home/dthuecks2/.ptx/2.19.2/core/xsl/extract-youtube.xsl
INFO    : messages from the log for XSL processing:
INFO    : * PTX:INFO:   checking ONLY the last TWO YEARS of element deprecations.
Rerun with the string parameter "author.deprecations.all" set to "yes" to check your source against all deprecations.
INFO    : successful application of /home/dthuecks2/.ptx/2.19.2/core/xsl/extract-youtube.xsl
INFO    : downloading http://i.ytimg.com/vi/dQw4w9WgXcQ/default.jpg as /home/dthuecks2/new-pretext-project/generated-assets/youtube/sec-youtube-2.jpg...
INFO    : YouTube thumbnail download complete
INFO    : Generating generic video preview, aka "play button" into /home/dthuecks2/new-pretext-project/generated-assets/play-button
INFO    : creating trace data from /home/dthuecks2/new-pretext-project/source/main.ptx for placement in /home/dthuecks2/new-pretext-project/generated-assets/trace
INFO    : XSL conversion of /home/dthuecks2/new-pretext-project/source/main.ptx by /home/dthuecks2/.ptx/2.19.2/core/xsl/extract-trace.xsl
INFO    : messages from the log for XSL processing:
INFO    : * PTX:INFO:   checking ONLY the last TWO YEARS of element deprecations.
Rerun with the string parameter "author.deprecations.all" set to "yes" to check your source against all deprecations.
INFO    : successful application of /home/dthuecks2/.ptx/2.19.2/core/xsl/extract-trace.xsl
INFO    : converting python source sieve-codelens-python to a trace...
INFO    : XSL conversion of /home/dthuecks2/new-pretext-project/source/main.ptx by /home/dthuecks2/.ptx/2.19.2/core/xsl/utilities/report-publisher-variables.xsl
INFO    : successful application of /home/dthuecks2/.ptx/2.19.2/core/xsl/utilities/report-publisher-variables.xsl
INFO    : discovering source file's directory name: /home/dthuecks2/new-pretext-project/source
INFO    : verifying and expanding input directory: /home/dthuecks2/new-pretext-project/source/../generated-assets
INFO    : input directory expanded to absolute path: /home/dthuecks2/new-pretext-project/generated-assets
INFO    : verifying and expanding input directory: /home/dthuecks2/new-pretext-project/source/../assets
INFO    : input directory expanded to absolute path: /home/dthuecks2/new-pretext-project/assets
INFO    : manufacturing QR codes from /home/dthuecks2/new-pretext-project/source/main.ptx for placement in /home/dthuecks2/new-pretext-project/generated-assets/qrcode
INFO    : XSL conversion of /home/dthuecks2/new-pretext-project/source/main.ptx by /home/dthuecks2/.ptx/2.19.2/core/xsl/extract-qrcode.xsl
INFO    : messages from the log for XSL processing:
INFO    : * PTX:INFO:   checking ONLY the last TWO YEARS of element deprecations.
Rerun with the string parameter "author.deprecations.all" set to "yes" to check your source against all deprecations.
INFO    : successful application of /home/dthuecks2/.ptx/2.19.2/core/xsl/extract-qrcode.xsl
INFO    : creating URL with content "https://www.youtube.com/watch?v=dQw4w9WgXcQ" as /home/dthuecks2/new-pretext-project/generated-assets/qrcode/sec-youtube-2.png...
INFO    : creating URL with content "interactive-infinity.html" as /home/dthuecks2/new-pretext-project/generated-assets/qrcode/interactive-infinity.png...
INFO    : QR code creation complete
INFO    : Removing temporary directory /tmp/ptx-677yec9e
INFO    : Removing temporary directory /tmp/ptx-6t9w8a9e
INFO    : Removing temporary directory /tmp/ptx-qtgnnd59
INFO    : Removing temporary directory /tmp/ptx-_s2ovxdi
INFO    : Removing temporary directory /tmp/ptx-wcdtp8qb
INFO    : Removing temporary directory /tmp/ptx-wuatd19i
INFO    : Removing temporary directory /tmp/ptx-vsbc7e50
INFO    : Removing temporary directory /tmp/ptx-u6itlp8r
INFO    : Removing temporary directory /tmp/ptx-38zh8m2_
INFO    : Finished generating assets.

INFO    : Preparing to build into /home/dthuecks2/new-pretext-project/output/print.
INFO    : discovering source file's directory name: /home/dthuecks2/new-pretext-project/source
INFO    : verifying and expanding input directory: /home/dthuecks2/new-pretext-project/source/../generated-assets
INFO    : input directory expanded to absolute path: /home/dthuecks2/new-pretext-project/generated-assets
INFO    : verifying and expanding input directory: /home/dthuecks2/new-pretext-project/source/../assets
INFO    : input directory expanded to absolute path: /home/dthuecks2/new-pretext-project/assets
INFO    : XSL conversion of /home/dthuecks2/new-pretext-project/source/main.ptx by /home/dthuecks2/.ptx/2.19.2/core/xsl/utilities/report-publisher-variables.xsl
INFO    : successful application of /home/dthuecks2/.ptx/2.19.2/core/xsl/utilities/report-publisher-variables.xsl
INFO    : converting /home/dthuecks2/new-pretext-project/source/main.ptx to LaTeX as /tmp/ptx-l427yv4k/main.tex
INFO    : XSL conversion of /home/dthuecks2/new-pretext-project/source/main.ptx by /home/dthuecks2/.ptx/2.19.2/core/xsl/pretext-latex.xsl
INFO    : messages from the log for XSL processing:
INFO    : * PTX:INFO:   checking ONLY the last TWO YEARS of element deprecations.
Rerun with the string parameter "author.deprecations.all" set to "yes" to check your source against all deprecations.
WARNING : * PTX:DEPRECATE: (2024-10-08) elements previously included in a "titlepage" element inside the "frontmatter" (author, editor, credit, date, and event) should now be placed in "frontmatter/bibinfo".  To ensure a title page is created, put only the empty element "titlepage-items" inside "titlepage".  Until you move these elements, we will try to honor your intent. (1 time)
INFO    : *              located within: "frontmatter" (xml:id)
INFO    : * --------------
WARNING : * PTX:DEPRECATE: (2024-10-08) elements previously included in a "colophon" element inside the "frontmatter" (credit, copyright, edition, and website) should now be placed in "frontmatter/bibinfo". To produce a "colophon", include only the empty element "colophon-items" inside "colophon" Until you move these elements, we will try to honor your intent. (1 time)
INFO    : *              located within: "frontmatter" (xml:id)
INFO    : * --------------
WARNING : * PTX:DEPRECATE: (2024-11-19) program/input now should be program/code. An automatic correction will be attempted. (1 time)
INFO    : *              located within: "sieve-codelens-python" (xml:id)
INFO    : * --------------
INFO    : successful application of /home/dthuecks2/.ptx/2.19.2/core/xsl/pretext-latex.xsl
INFO    : XSL conversion of /home/dthuecks2/new-pretext-project/source/main.ptx by /home/dthuecks2/.ptx/2.19.2/core/xsl/utilities/report-publisher-variables.xsl
INFO    : successful application of /home/dthuecks2/.ptx/2.19.2/core/xsl/utilities/report-publisher-variables.xsl
CRITICAL: [Errno 2] No such file or directory: 'main.pdf'
INFO    : ------------------------
CRITICAL: Failed to build.  Exiting...
INFO    : 
----------------------------------------------------
INFO    : While running pretext, the following errors occurred:

INFO    : (see log messages above or in the 'logs' folder for more information)
INFO    : ----------------------------------------------------
