INFO    : Since no target was supplied, we will use "web".

INFO    : Building target web
INFO    : XSL conversion of /home/dthuecks2/new-pretext-project/source/main.ptx by /home/dthuecks2/.ptx/2.19.2/core/xsl/utilities/pretext-enhanced-source.xsl
INFO    : successful application of /home/dthuecks2/.ptx/2.19.2/core/xsl/utilities/pretext-enhanced-source.xsl
INFO    : Generating any needed assets.
INFO    : XSL conversion of /home/dthuecks2/new-pretext-project/source/main.ptx by /home/dthuecks2/.ptx/2.19.2/core/xsl/utilities/pretext-enhanced-source.xsl
INFO    : successful application of /home/dthuecks2/.ptx/2.19.2/core/xsl/utilities/pretext-enhanced-source.xsl
INFO    : XSL conversion of /home/dthuecks2/new-pretext-project/source/main.ptx by /home/dthuecks2/.ptx/2.19.2/core/xsl/utilities/pretext-enhanced-source.xsl
INFO    : successful application of /home/dthuecks2/.ptx/2.19.2/core/xsl/utilities/pretext-enhanced-source.xsl
INFO    : XSL conversion of /home/dthuecks2/new-pretext-project/source/main.ptx by /home/dthuecks2/.ptx/2.19.2/core/xsl/utilities/pretext-enhanced-source.xsl
INFO    : successful application of /home/dthuecks2/.ptx/2.19.2/core/xsl/utilities/pretext-enhanced-source.xsl
INFO    : Generating any needed assets.
INFO    : XSL conversion of /home/dthuecks2/new-pretext-project/source/main.ptx by /home/dthuecks2/.ptx/2.19.2/core/xsl/utilities/pretext-enhanced-source.xsl
INFO    : successful application of /home/dthuecks2/.ptx/2.19.2/core/xsl/utilities/pretext-enhanced-source.xsl
INFO    : XSL conversion of /home/dthuecks2/new-pretext-project/source/main.ptx by /home/dthuecks2/.ptx/2.19.2/core/xsl/utilities/pretext-enhanced-source.xsl
INFO    : successful application of /home/dthuecks2/.ptx/2.19.2/core/xsl/utilities/pretext-enhanced-source.xsl
INFO    : XSL conversion of /home/dthuecks2/new-pretext-project/source/main.ptx by /home/dthuecks2/.ptx/2.19.2/core/xsl/utilities/pretext-enhanced-source.xsl
INFO    : successful application of /home/dthuecks2/.ptx/2.19.2/core/xsl/utilities/pretext-enhanced-source.xsl
INFO    : XSL conversion of /home/dthuecks2/new-pretext-project/source/main.ptx by /home/dthuecks2/.ptx/2.19.2/core/xsl/utilities/pretext-enhanced-source.xsl
INFO    : successful application of /home/dthuecks2/.ptx/2.19.2/core/xsl/utilities/pretext-enhanced-source.xsl
INFO    : XSL conversion of /home/dthuecks2/new-pretext-project/source/main.ptx by /home/dthuecks2/.ptx/2.19.2/core/xsl/utilities/pretext-enhanced-source.xsl
INFO    : successful application of /home/dthuecks2/.ptx/2.19.2/core/xsl/utilities/pretext-enhanced-source.xsl
INFO    : XSL conversion of /home/dthuecks2/new-pretext-project/source/main.ptx by /home/dthuecks2/.ptx/2.19.2/core/xsl/utilities/pretext-enhanced-source.xsl
INFO    : successful application of /home/dthuecks2/.ptx/2.19.2/core/xsl/utilities/pretext-enhanced-source.xsl
INFO    : XSL conversion of /home/dthuecks2/new-pretext-project/source/main.ptx by /home/dthuecks2/.ptx/2.19.2/core/xsl/utilities/pretext-enhanced-source.xsl
INFO    : successful application of /home/dthuecks2/.ptx/2.19.2/core/xsl/utilities/pretext-enhanced-source.xsl
INFO    : XSL conversion of /home/dthuecks2/new-pretext-project/source/main.ptx by /home/dthuecks2/.ptx/2.19.2/core/xsl/utilities/pretext-enhanced-source.xsl
INFO    : successful application of /home/dthuecks2/.ptx/2.19.2/core/xsl/utilities/pretext-enhanced-source.xsl
INFO    : XSL conversion of /home/dthuecks2/new-pretext-project/source/main.ptx by /home/dthuecks2/.ptx/2.19.2/core/xsl/utilities/pretext-enhanced-source.xsl
INFO    : successful application of /home/dthuecks2/.ptx/2.19.2/core/xsl/utilities/pretext-enhanced-source.xsl
INFO    : XSL conversion of /home/dthuecks2/new-pretext-project/source/main.ptx by /home/dthuecks2/.ptx/2.19.2/core/xsl/utilities/pretext-enhanced-source.xsl
INFO    : successful application of /home/dthuecks2/.ptx/2.19.2/core/xsl/utilities/pretext-enhanced-source.xsl
INFO    : XSL conversion of /home/dthuecks2/new-pretext-project/source/main.ptx by /home/dthuecks2/.ptx/2.19.2/core/xsl/utilities/pretext-enhanced-source.xsl
INFO    : successful application of /home/dthuecks2/.ptx/2.19.2/core/xsl/utilities/pretext-enhanced-source.xsl
INFO    : XSL conversion of /home/dthuecks2/new-pretext-project/source/main.ptx by /home/dthuecks2/.ptx/2.19.2/core/xsl/utilities/pretext-enhanced-source.xsl
INFO    : successful application of /home/dthuecks2/.ptx/2.19.2/core/xsl/utilities/pretext-enhanced-source.xsl
INFO    : XSL conversion of /home/dthuecks2/new-pretext-project/source/main.ptx by /home/dthuecks2/.ptx/2.19.2/core/xsl/utilities/pretext-enhanced-source.xsl
INFO    : successful application of /home/dthuecks2/.ptx/2.19.2/core/xsl/utilities/pretext-enhanced-source.xsl
INFO    : downloading MyOpenMath static problems from /home/dthuecks2/new-pretext-project/source/main.ptx for placement in /home/dthuecks2/new-pretext-project/generated-assets/problems
INFO    : XSL conversion of /home/dthuecks2/new-pretext-project/source/main.ptx by /home/dthuecks2/.ptx/2.19.2/core/xsl/extract-mom.xsl
INFO    : messages from the log for XSL processing:
INFO    : * PTX:INFO:   checking ONLY the last TWO YEARS of element deprecations.
Rerun with the string parameter "author.deprecations.all" set to "yes" to check your source against all deprecations.
INFO    : successful application of /home/dthuecks2/.ptx/2.19.2/core/xsl/extract-mom.xsl
INFO    : downloading MOM #2572 to /home/dthuecks2/new-pretext-project/generated-assets/problems/mom-2572.xml...
INFO    : MyOpenMath static problem download complete
INFO    : Removing temporary directory /tmp/ptx-wg58is9c
INFO    : Finished generating assets.

INFO    : XSL conversion of /home/dthuecks2/new-pretext-project/source/main.ptx by /home/dthuecks2/.ptx/2.19.2/core/xsl/utilities/pretext-enhanced-source.xsl
INFO    : successful application of /home/dthuecks2/.ptx/2.19.2/core/xsl/utilities/pretext-enhanced-source.xsl
INFO    : XSL conversion of /home/dthuecks2/new-pretext-project/source/main.ptx by /home/dthuecks2/.ptx/2.19.2/core/xsl/utilities/pretext-enhanced-source.xsl
INFO    : successful application of /home/dthuecks2/.ptx/2.19.2/core/xsl/utilities/pretext-enhanced-source.xsl
INFO    : XSL conversion of /home/dthuecks2/new-pretext-project/source/main.ptx by /home/dthuecks2/.ptx/2.19.2/core/xsl/utilities/pretext-enhanced-source.xsl
INFO    : successful application of /home/dthuecks2/.ptx/2.19.2/core/xsl/utilities/pretext-enhanced-source.xsl
INFO    : XSL conversion of /home/dthuecks2/new-pretext-project/source/main.ptx by /home/dthuecks2/.ptx/2.19.2/core/xsl/utilities/pretext-enhanced-source.xsl
INFO    : successful application of /home/dthuecks2/.ptx/2.19.2/core/xsl/utilities/pretext-enhanced-source.xsl
INFO    : XSL conversion of /home/dthuecks2/new-pretext-project/source/main.ptx by /home/dthuecks2/.ptx/2.19.2/core/xsl/utilities/pretext-enhanced-source.xsl
INFO    : successful application of /home/dthuecks2/.ptx/2.19.2/core/xsl/utilities/pretext-enhanced-source.xsl
INFO    : XSL conversion of /home/dthuecks2/new-pretext-project/source/main.ptx by /home/dthuecks2/.ptx/2.19.2/core/xsl/utilities/pretext-enhanced-source.xsl
INFO    : successful application of /home/dthuecks2/.ptx/2.19.2/core/xsl/utilities/pretext-enhanced-source.xsl
INFO    : XSL conversion of /home/dthuecks2/new-pretext-project/source/main.ptx by /home/dthuecks2/.ptx/2.19.2/core/xsl/utilities/pretext-enhanced-source.xsl
INFO    : successful application of /home/dthuecks2/.ptx/2.19.2/core/xsl/utilities/pretext-enhanced-source.xsl
INFO    : XSL conversion of /home/dthuecks2/new-pretext-project/source/main.ptx by /home/dthuecks2/.ptx/2.19.2/core/xsl/utilities/pretext-enhanced-source.xsl
INFO    : successful application of /home/dthuecks2/.ptx/2.19.2/core/xsl/utilities/pretext-enhanced-source.xsl
INFO    : XSL conversion of /home/dthuecks2/new-pretext-project/source/main.ptx by /home/dthuecks2/.ptx/2.19.2/core/xsl/utilities/pretext-enhanced-source.xsl
INFO    : successful application of /home/dthuecks2/.ptx/2.19.2/core/xsl/utilities/pretext-enhanced-source.xsl
INFO    : XSL conversion of /home/dthuecks2/new-pretext-project/source/main.ptx by /home/dthuecks2/.ptx/2.19.2/core/xsl/utilities/pretext-enhanced-source.xsl
INFO    : successful application of /home/dthuecks2/.ptx/2.19.2/core/xsl/utilities/pretext-enhanced-source.xsl
INFO    : XSL conversion of /home/dthuecks2/new-pretext-project/source/main.ptx by /home/dthuecks2/.ptx/2.19.2/core/xsl/utilities/pretext-enhanced-source.xsl
INFO    : successful application of /home/dthuecks2/.ptx/2.19.2/core/xsl/utilities/pretext-enhanced-source.xsl
INFO    : XSL conversion of /home/dthuecks2/new-pretext-project/source/main.ptx by /home/dthuecks2/.ptx/2.19.2/core/xsl/utilities/pretext-enhanced-source.xsl
INFO    : successful application of /home/dthuecks2/.ptx/2.19.2/core/xsl/utilities/pretext-enhanced-source.xsl
INFO    : Finished generating assets.

INFO    : Preparing to build into /home/dthuecks2/new-pretext-project/output/web.
INFO    : discovering source file's directory name: /home/dthuecks2/new-pretext-project/source
INFO    : verifying and expanding input directory: /home/dthuecks2/new-pretext-project/source/../generated-assets
INFO    : input directory expanded to absolute path: /home/dthuecks2/new-pretext-project/generated-assets
INFO    : verifying and expanding input directory: /home/dthuecks2/new-pretext-project/source/../assets
INFO    : input directory expanded to absolute path: /home/dthuecks2/new-pretext-project/assets
INFO    : XSL conversion of /home/dthuecks2/new-pretext-project/source/main.ptx by /home/dthuecks2/.ptx/2.19.2/core/xsl/utilities/report-publisher-variables.xsl
INFO    : successful application of /home/dthuecks2/.ptx/2.19.2/core/xsl/utilities/report-publisher-variables.xsl
INFO    : Downloading rs services file from https://runestone.academy/cdn/runestone/latest/webpack_static_imports.xml.
INFO    : Runestone Services via online CDN query: version 7.7.5
INFO    : Downloading Runestone Services, version 7.7.5
INFO    : Extracting Runestone Services from archive file
INFO    : Building custom css theme: theme-default-modern
INFO    : converting /home/dthuecks2/new-pretext-project/source/main.ptx to HTML in /tmp/ptx-sprkd0jz
INFO    : XSL conversion of /home/dthuecks2/new-pretext-project/source/main.ptx by /home/dthuecks2/.ptx/2.19.2/core/xsl/pretext-html.xsl
INFO    : messages from the log for XSL processing:
INFO    : * PTX:INFO:   checking ONLY the last TWO YEARS of element deprecations.
Rerun with the string parameter "author.deprecations.all" set to "yes" to check your source against all deprecations.
WARNING : * PTX:DEPRECATE: (2024-10-08) elements previously included in a "titlepage" element inside the "frontmatter" (author, editor, credit, date, and event) should now be placed in "frontmatter/bibinfo".  To ensure a title page is created, put only the empty element "titlepage-items" inside "titlepage".  Until you move these elements, we will try to honor your intent. (1 time)
INFO    : *              located within: "frontmatter" (xml:id)
INFO    : * --------------
WARNING : * PTX:DEPRECATE: (2024-10-08) elements previously included in a "colophon" element inside the "frontmatter" (credit, copyright, edition, and website) should now be placed in "frontmatter/bibinfo". To produce a "colophon", include only the empty element "colophon-items" inside "colophon" Until you move these elements, we will try to honor your intent. (1 time)
INFO    : *              located within: "frontmatter" (xml:id)
INFO    : * --------------
WARNING : * PTX:DEPRECATE: (2024-11-19) program/input now should be program/code. An automatic correction will be attempted. (1 time)
INFO    : *              located within: "sieve-codelens-python" (xml:id)
INFO    : * --------------
INFO    : successful application of /home/dthuecks2/.ptx/2.19.2/core/xsl/pretext-html.xsl
WARNING : Failed to map codechat path to xml id; codechat will not work.
INFO    : Removing temporary directory /tmp/ptx-sprkd0jz
INFO    : Removing temporary directory /tmp/ptx-hj2b1phi
INFO    : 
Success! Run `pretext view web` to see the results.

INFO    : 
